<?xml version="1.0" encoding="UTF-8"?>
<!-- Generated by org.testng.reporters.JUnitReportReporter -->
<testsuite skipped="0" hostname="PRINHYLTPDL1435" name="tests.Service1" tests="1" failures="0" timestamp="03 Jan 2019 06:45:56 GMT" time="1.841" errors="0">
  <testcase name="getCapitalCity" time="1.841" classname="tests.Service1"/>
</testsuite> <!-- tests.Service1 -->
