<?xml version="1.0" encoding="UTF-8"?>
<!-- Generated by org.testng.reporters.JUnitReportReporter -->
<testsuite skipped="0" hostname="PRINHYLTPDL1435" name="com.qa.tests.TestF12010" tests="1" failures="0" timestamp="10 Jan 2019 10:44:47 GMT" time="2.130" errors="0">
  <testcase name="getCountry2008" time="2.130" classname="com.qa.tests.TestF12010"/>
</testsuite> <!-- com.qa.tests.TestF12010 -->
