<?xml version="1.0" encoding="UTF-8"?>
<!-- Generated by org.testng.reporters.JUnitReportReporter -->
<testsuite skipped="0" hostname="PRINHYLTPDL1435" name="com.qa.tests.TestF12010" tests="1" failures="0" timestamp="11 Jan 2019 07:46:47 GMT" time="28.747" errors="0">
  <testcase name="getDriverCount" time="28.747" classname="com.qa.tests.TestF12010"/>
</testsuite> <!-- com.qa.tests.TestF12010 -->
