<?xml version="1.0" encoding="UTF-8"?>
<!-- Generated by org.testng.reporters.JUnitReportReporter -->
<testsuite skipped="0" hostname="PRINHYLTPDL1435" name="tests.ServiceGet" tests="1" failures="0" timestamp="08 Jan 2019 10:03:22 GMT" time="1.803" errors="0">
  <testcase name="getStateUsinpathpara" time="1.803" classname="tests.ServiceGet"/>
</testsuite> <!-- tests.ServiceGet -->
